Board size = 8
Human color = 2
     a   b   c   d   e   f   g   h
   +---+---+---+---+---+---+---+---+
 1 |   |   |   |   |   |   |   |   |
   +---+---+---+---+---+---+---+---+
 2 |   |   |   |   |   |   |   |   |
   +---+---+---+---+---+---+---+---+
 3 |   |   |   |   |   |   |   |   |
   +---+---+---+---+---+---+---+---+
 4 |   |   |   | L | D |   |   |   |
   +---+---+---+---+---+---+---+---+
 5 |   |   |   | D | L |   |   |   |
   +---+---+---+---+---+---+---+---+
 6 |   |   |   |   |   |   |   |   |
   +---+---+---+---+---+---+---+---+
 7 |   |   |   |   |   |   |   |   |
   +---+---+---+---+---+---+---+---+
 8 |   |   |   |   |   |   |   |   |
   +---+---+---+---+---+---+---+---+
     a   b   c   d   e   f   g   h
   +---+---+---+---+---+---+---+---+
 1 |   |   |   |   |   |   |   |   |
   +---+---+---+---+---+---+---+---+
 2 |   |   |   |   |   |   |   |   |
   +---+---+---+---+---+---+---+---+
 3 |   |   |   | D |   |   |   |   |
   +---+---+---+---+---+---+---+---+
 4 |   |   |   | D | D |   |   |   |
   +---+---+---+---+---+---+---+---+
 5 |   |   |   | D | L |   |   |   |
   +---+---+---+---+---+---+---+---+
 6 |   |   |   |   |   |   |   |   |
   +---+---+---+---+---+---+---+---+
 7 |   |   |   |   |   |   |   |   |
   +---+---+---+---+---+---+---+---+
 8 |   |   |   |   |   |   |   |   |
   +---+---+---+---+---+---+---+---+
Score light:  1        Score dark:  4 
Move played: d3
