Board size = 10
Human color = 1
     a   b   c   d   e   f   g   h   i   j
   +---+---+---+---+---+---+---+---+---+---+
 1 |   |   |   |   |   |   |   |   |   |   |
   +---+---+---+---+---+---+---+---+---+---+
 2 |   |   |   |   |   |   |   |   |   |   |
   +---+---+---+---+---+---+---+---+---+---+
 3 |   |   |   |   |   |   |   |   |   |   |
   +---+---+---+---+---+---+---+---+---+---+
 4 |   |   |   |   |   |   |   |   |   |   |
   +---+---+---+---+---+---+---+---+---+---+
 5 |   |   |   |   | L | D |   |   |   |   |
   +---+---+---+---+---+---+---+---+---+---+
 6 |   |   |   |   | D | L |   |   |   |   |
   +---+---+---+---+---+---+---+---+---+---+
 7 |   |   |   |   |   |   |   |   |   |   |
   +---+---+---+---+---+---+---+---+---+---+
 8 |   |   |   |   |   |   |   |   |   |   |
   +---+---+---+---+---+---+---+---+---+---+
 9 |   |   |   |   |   |   |   |   |   |   |
   +---+---+---+---+---+---+---+---+---+---+
10 |   |   |   |   |   |   |   |   |   |   |
   +---+---+---+---+---+---+---+---+---+---+
<move>      a   b   c   d   e   f   g   h   i   j
   +---+---+---+---+---+---+---+---+---+---+
 1 |   |   |   |   |   |   |   |   |   |   |
   +---+---+---+---+---+---+---+---+---+---+
 2 |   |   |   |   |   |   |   |   |   |   |
   +---+---+---+---+---+---+---+---+---+---+
 3 |   |   |   |   |   |   |   |   |   |   |
   +---+---+---+---+---+---+---+---+---+---+
 4 |   |   |   |   | D |   |   |   |   |   |
   +---+---+---+---+---+---+---+---+---+---+
 5 |   |   |   |   | D | D |   |   |   |   |
   +---+---+---+---+---+---+---+---+---+---+
 6 |   |   |   |   | D | L |   |   |   |   |
   +---+---+---+---+---+---+---+---+---+---+
 7 |   |   |   |   |   |   |   |   |   |   |
   +---+---+---+---+---+---+---+---+---+---+
 8 |   |   |   |   |   |   |   |   |   |   |
   +---+---+---+---+---+---+---+---+---+---+
 9 |   |   |   |   |   |   |   |   |   |   |
   +---+---+---+---+---+---+---+---+---+---+
10 |   |   |   |   |   |   |   |   |   |   |
   +---+---+---+---+---+---+---+---+---+---+
Score light:  1        Score dark:  4 
Move played: e4
     a   b   c   d   e   f   g   h   i   j
   +---+---+---+---+---+---+---+---+---+---+
 1 |   |   |   |   |   |   |   |   |   |   |
   +---+---+---+---+---+---+---+---+---+---+
 2 |   |   |   |   |   |   |   |   |   |   |
   +---+---+---+---+---+---+---+---+---+---+
 3 |   |   |   |   |   |   |   |   |   |   |
   +---+---+---+---+---+---+---+---+---+---+
 4 |   |   |   |   | D |   |   |   |   |   |
   +---+---+---+---+---+---+---+---+---+---+
 5 |   |   |   |   | D | D |   |   |   |   |
   +---+---+---+---+---+---+---+---+---+---+
 6 |   |   |   | L | L | L |   |   |   |   |
   +---+---+---+---+---+---+---+---+---+---+
 7 |   |   |   |   |   |   |   |   |   |   |
   +---+---+---+---+---+---+---+---+---+---+
 8 |   |   |   |   |   |   |   |   |   |   |
   +---+---+---+---+---+---+---+---+---+---+
 9 |   |   |   |   |   |   |   |   |   |   |
   +---+---+---+---+---+---+---+---+---+---+
10 |   |   |   |   |   |   |   |   |   |   |
   +---+---+---+---+---+---+---+---+---+---+
Score light:  3        Score dark:  3 
Move played: d6
<move>      a   b   c   d   e   f   g   h   i   j
   +---+---+---+---+---+---+---+---+---+---+
 1 |   |   |   |   |   |   |   |   |   |   |
   +---+---+---+---+---+---+---+---+---+---+
 2 |   |   |   |   |   |   |   |   |   |   |
   +---+---+---+---+---+---+---+---+---+---+
 3 |   |   |   |   |   |   |   |   |   |   |
   +---+---+---+---+---+---+---+---+---+---+
 4 |   |   |   |   | D |   |   |   |   |   |
   +---+---+---+---+---+---+---+---+---+---+
 5 |   |   |   |   | D | D |   |   |   |   |
   +---+---+---+---+---+---+---+---+---+---+
 6 |   |   |   | D | L | L |   |   |   |   |
   +---+---+---+---+---+---+---+---+---+---+
 7 |   |   | D |   |   |   |   |   |   |   |
   +---+---+---+---+---+---+---+---+---+---+
 8 |   |   |   |   |   |   |   |   |   |   |
   +---+---+---+---+---+---+---+---+---+---+
 9 |   |   |   |   |   |   |   |   |   |   |
   +---+---+---+---+---+---+---+---+---+---+
10 |   |   |   |   |   |   |   |   |   |   |
   +---+---+---+---+---+---+---+---+---+---+
Score light:  2        Score dark:  5 
Move played: c7
     a   b   c   d   e   f   g   h   i   j
   +---+---+---+---+---+---+---+---+---+---+
 1 |   |   |   |   |   |   |   |   |   |   |
   +---+---+---+---+---+---+---+---+---+---+
 2 |   |   |   |   |   |   |   |   |   |   |
   +---+---+---+---+---+---+---+---+---+---+
 3 |   |   |   |   | L |   |   |   |   |   |
   +---+---+---+---+---+---+---+---+---+---+
 4 |   |   |   |   | L |   |   |   |   |   |
   +---+---+---+---+---+---+---+---+---+---+
 5 |   |   |   |   | L | D |   |   |   |   |
   +---+---+---+---+---+---+---+---+---+---+
 6 |   |   |   | D | L | L |   |   |   |   |
   +---+---+---+---+---+---+---+---+---+---+
 7 |   |   | D |   |   |   |   |   |   |   |
   +---+---+---+---+---+---+---+---+---+---+
 8 |   |   |   |   |   |   |   |   |   |   |
   +---+---+---+---+---+---+---+---+---+---+
 9 |   |   |   |   |   |   |   |   |   |   |
   +---+---+---+---+---+---+---+---+---+---+
10 |   |   |   |   |   |   |   |   |   |   |
   +---+---+---+---+---+---+---+---+---+---+
Score light:  5        Score dark:  3 
Move played: e3
<move>      a   b   c   d   e   f   g   h   i   j
   +---+---+---+---+---+---+---+---+---+---+
 1 |   |   |   |   |   |   |   |   |   |   |
   +---+---+---+---+---+---+---+---+---+---+
 2 |   |   |   |   |   |   |   |   |   |   |
   +---+---+---+---+---+---+---+---+---+---+
 3 |   |   |   |   | L |   |   |   |   |   |
   +---+---+---+---+---+---+---+---+---+---+
 4 |   |   |   |   | L |   |   |   |   |   |
   +---+---+---+---+---+---+---+---+---+---+
 5 |   |   |   |   | L | D |   |   |   |   |
   +---+---+---+---+---+---+---+---+---+---+
 6 |   |   |   | D | D | D | D |   |   |   |
   +---+---+---+---+---+---+---+---+---+---+
 7 |   |   | D |   |   |   |   |   |   |   |
   +---+---+---+---+---+---+---+---+---+---+
 8 |   |   |   |   |   |   |   |   |   |   |
   +---+---+---+---+---+---+---+---+---+---+
 9 |   |   |   |   |   |   |   |   |   |   |
   +---+---+---+---+---+---+---+---+---+---+
10 |   |   |   |   |   |   |   |   |   |   |
   +---+---+---+---+---+---+---+---+---+---+
Score light:  3        Score dark:  6 
Move played: g6
     a   b   c   d   e   f   g   h   i   j
   +---+---+---+---+---+---+---+---+---+---+
 1 |   |   |   |   |   |   |   |   |   |   |
   +---+---+---+---+---+---+---+---+---+---+
 2 |   |   |   |   |   |   |   |   |   |   |
   +---+---+---+---+---+---+---+---+---+---+
 3 |   |   |   |   | L |   |   |   |   |   |
   +---+---+---+---+---+---+---+---+---+---+
 4 |   |   |   |   | L |   |   |   |   |   |
   +---+---+---+---+---+---+---+---+---+---+
 5 |   |   |   |   | L | D |   |   |   |   |
   +---+---+---+---+---+---+---+---+---+---+
 6 |   |   |   | D | L | D | D |   |   |   |
   +---+---+---+---+---+---+---+---+---+---+
 7 |   |   | D |   | L |   |   |   |   |   |
   +---+---+---+---+---+---+---+---+---+---+
 8 |   |   |   |   |   |   |   |   |   |   |
   +---+---+---+---+---+---+---+---+---+---+
 9 |   |   |   |   |   |   |   |   |   |   |
   +---+---+---+---+---+---+---+---+---+---+
10 |   |   |   |   |   |   |   |   |   |   |
   +---+---+---+---+---+---+---+---+---+---+
Score light:  5        Score dark:  5 
Move played: e7
<move>      a   b   c   d   e   f   g   h   i   j
   +---+---+---+---+---+---+---+---+---+---+
 1 |   |   |   |   |   |   |   |   |   |   |
   +---+---+---+---+---+---+---+---+---+---+
 2 |   |   |   |   |   |   |   |   |   |   |
   +---+---+---+---+---+---+---+---+---+---+
 3 |   |   |   | D | L |   |   |   |   |   |
   +---+---+---+---+---+---+---+---+---+---+
 4 |   |   |   |   | D |   |   |   |   |   |
   +---+---+---+---+---+---+---+---+---+---+
 5 |   |   |   |   | L | D |   |   |   |   |
   +---+---+---+---+---+---+---+---+---+---+
 6 |   |   |   | D | L | D | D |   |   |   |
   +---+---+---+---+---+---+---+---+---+---+
 7 |   |   | D |   | L |   |   |   |   |   |
   +---+---+---+---+---+---+---+---+---+---+
 8 |   |   |   |   |   |   |   |   |   |   |
   +---+---+---+---+---+---+---+---+---+---+
 9 |   |   |   |   |   |   |   |   |   |   |
   +---+---+---+---+---+---+---+---+---+---+
10 |   |   |   |   |   |   |   |   |   |   |
   +---+---+---+---+---+---+---+---+---+---+
Score light:  4        Score dark:  7 
Move played: d3
     a   b   c   d   e   f   g   h   i   j
   +---+---+---+---+---+---+---+---+---+---+
 1 |   |   |   |   |   |   |   |   |   |   |
   +---+---+---+---+---+---+---+---+---+---+
 2 |   |   |   |   |   |   |   |   |   |   |
   +---+---+---+---+---+---+---+---+---+---+
 3 |   |   |   | D | L |   |   |   |   |   |
   +---+---+---+---+---+---+---+---+---+---+
 4 |   |   |   |   | D |   |   |   |   |   |
   +---+---+---+---+---+---+---+---+---+---+
 5 |   |   |   |   | L | L | L |   |   |   |
   +---+---+---+---+---+---+---+---+---+---+
 6 |   |   |   | D | L | L | D |   |   |   |
   +---+---+---+---+---+---+---+---+---+---+
 7 |   |   | D |   | L |   |   |   |   |   |
   +---+---+---+---+---+---+---+---+---+---+
 8 |   |   |   |   |   |   |   |   |   |   |
   +---+---+---+---+---+---+---+---+---+---+
 9 |   |   |   |   |   |   |   |   |   |   |
   +---+---+---+---+---+---+---+---+---+---+
10 |   |   |   |   |   |   |   |   |   |   |
   +---+---+---+---+---+---+---+---+---+---+
Score light:  7        Score dark:  5 
Move played: g5
<move>      a   b   c   d   e   f   g   h   i   j
   +---+---+---+---+---+---+---+---+---+---+
 1 |   |   |   |   |   |   |   |   |   |   |
   +---+---+---+---+---+---+---+---+---+---+
 2 |   |   |   |   |   |   |   |   |   |   |
   +---+---+---+---+---+---+---+---+---+---+
 3 |   |   |   | D | L |   |   |   |   |   |
   +---+---+---+---+---+---+---+---+---+---+
 4 |   |   |   |   | D | D |   |   |   |   |
   +---+---+---+---+---+---+---+---+---+---+
 5 |   |   |   |   | D | L | L |   |   |   |
   +---+---+---+---+---+---+---+---+---+---+
 6 |   |   |   | D | L | L | D |   |   |   |
   +---+---+---+---+---+---+---+---+---+---+
 7 |   |   | D |   | L |   |   |   |   |   |
   +---+---+---+---+---+---+---+---+---+---+
 8 |   |   |   |   |   |   |   |   |   |   |
   +---+---+---+---+---+---+---+---+---+---+
 9 |   |   |   |   |   |   |   |   |   |   |
   +---+---+---+---+---+---+---+---+---+---+
10 |   |   |   |   |   |   |   |   |   |   |
   +---+---+---+---+---+---+---+---+---+---+
Score light:  6        Score dark:  7 
Move played: f4
     a   b   c   d   e   f   g   h   i   j
   +---+---+---+---+---+---+---+---+---+---+
 1 |   |   |   |   |   |   |   |   |   |   |
   +---+---+---+---+---+---+---+---+---+---+
 2 |   |   |   |   |   |   |   |   |   |   |
   +---+---+---+---+---+---+---+---+---+---+
 3 |   |   |   | D | L |   |   |   |   |   |
   +---+---+---+---+---+---+---+---+---+---+
 4 |   |   |   | L | D | D |   |   |   |   |
   +---+---+---+---+---+---+---+---+---+---+
 5 |   |   |   |   | L | L | L |   |   |   |
   +---+---+---+---+---+---+---+---+---+---+
 6 |   |   |   | D | L | L | D |   |   |   |
   +---+---+---+---+---+---+---+---+---+---+
 7 |   |   | D |   | L |   |   |   |   |   |
   +---+---+---+---+---+---+---+---+---+---+
 8 |   |   |   |   |   |   |   |   |   |   |
   +---+---+---+---+---+---+---+---+---+---+
 9 |   |   |   |   |   |   |   |   |   |   |
   +---+---+---+---+---+---+---+---+---+---+
10 |   |   |   |   |   |   |   |   |   |   |
   +---+---+---+---+---+---+---+---+---+---+
Score light:  8        Score dark:  6 
Move played: d4
<move>      a   b   c   d   e   f   g   h   i   j
   +---+---+---+---+---+---+---+---+---+---+
 1 |   |   |   |   |   |   |   |   |   |   |
   +---+---+---+---+---+---+---+---+---+---+
 2 |   |   |   |   |   |   |   |   |   |   |
   +---+---+---+---+---+---+---+---+---+---+
 3 |   |   |   | D | L |   |   |   |   |   |
   +---+---+---+---+---+---+---+---+---+---+
 4 |   |   |   | L | D | D |   |   |   |   |
   +---+---+---+---+---+---+---+---+---+---+
 5 |   |   |   |   | L | D | L |   |   |   |
   +---+---+---+---+---+---+---+---+---+---+
 6 |   |   |   | D | L | D | D |   |   |   |
   +---+---+---+---+---+---+---+---+---+---+
 7 |   |   | D |   | L | D |   |   |   |   |
   +---+---+---+---+---+---+---+---+---+---+
 8 |   |   |   |   |   |   |   |   |   |   |
   +---+---+---+---+---+---+---+---+---+---+
 9 |   |   |   |   |   |   |   |   |   |   |
   +---+---+---+---+---+---+---+---+---+---+
10 |   |   |   |   |   |   |   |   |   |   |
   +---+---+---+---+---+---+---+---+---+---+
Score light:  6        Score dark:  9 
Move played: f7
     a   b   c   d   e   f   g   h   i   j
   +---+---+---+---+---+---+---+---+---+---+
 1 |   |   |   |   |   |   |   |   |   |   |
   +---+---+---+---+---+---+---+---+---+---+
 2 |   |   |   |   |   |   |   |   |   |   |
   +---+---+---+---+---+---+---+---+---+---+
 3 |   |   |   | D | L |   |   |   |   |   |
   +---+---+---+---+---+---+---+---+---+---+
 4 |   |   |   | L | L | L | L |   |   |   |
   +---+---+---+---+---+---+---+---+---+---+
 5 |   |   |   |   | L | L | L |   |   |   |
   +---+---+---+---+---+---+---+---+---+---+
 6 |   |   |   | D | L | D | D |   |   |   |
   +---+---+---+---+---+---+---+---+---+---+
 7 |   |   | D |   | L | D |   |   |   |   |
   +---+---+---+---+---+---+---+---+---+---+
 8 |   |   |   |   |   |   |   |   |   |   |
   +---+---+---+---+---+---+---+---+---+---+
 9 |   |   |   |   |   |   |   |   |   |   |
   +---+---+---+---+---+---+---+---+---+---+
10 |   |   |   |   |   |   |   |   |   |   |
   +---+---+---+---+---+---+---+---+---+---+
Score light: 10        Score dark:  6 
Move played: g4
<move>      a   b   c   d   e   f   g   h   i   j
   +---+---+---+---+---+---+---+---+---+---+
 1 |   |   |   |   |   |   |   |   |   |   |
   +---+---+---+---+---+---+---+---+---+---+
 2 |   |   |   |   |   |   |   |   |   |   |
   +---+---+---+---+---+---+---+---+---+---+
 3 |   |   |   | D | D | D |   |   |   |   |
   +---+---+---+---+---+---+---+---+---+---+
 4 |   |   |   | L | L | D | L |   |   |   |
   +---+---+---+---+---+---+---+---+---+---+
 5 |   |   |   |   | L | D | L |   |   |   |
   +---+---+---+---+---+---+---+---+---+---+
 6 |   |   |   | D | L | D | D |   |   |   |
   +---+---+---+---+---+---+---+---+---+---+
 7 |   |   | D |   | L | D |   |   |   |   |
   +---+---+---+---+---+---+---+---+---+---+
 8 |   |   |   |   |   |   |   |   |   |   |
   +---+---+---+---+---+---+---+---+---+---+
 9 |   |   |   |   |   |   |   |   |   |   |
   +---+---+---+---+---+---+---+---+---+---+
10 |   |   |   |   |   |   |   |   |   |   |
   +---+---+---+---+---+---+---+---+---+---+
Score light:  7        Score dark: 10 
Move played: f3
     a   b   c   d   e   f   g   h   i   j
   +---+---+---+---+---+---+---+---+---+---+
 1 |   |   |   |   |   |   |   |   |   |   |
   +---+---+---+---+---+---+---+---+---+---+
 2 |   |   |   | L |   |   |   |   |   |   |
   +---+---+---+---+---+---+---+---+---+---+
 3 |   |   |   | L | L | D |   |   |   |   |
   +---+---+---+---+---+---+---+---+---+---+
 4 |   |   |   | L | L | L | L |   |   |   |
   +---+---+---+---+---+---+---+---+---+---+
 5 |   |   |   |   | L | D | L |   |   |   |
   +---+---+---+---+---+---+---+---+---+---+
 6 |   |   |   | D | L | D | D |   |   |   |
   +---+---+---+---+---+---+---+---+---+---+
 7 |   |   | D |   | L | D |   |   |   |   |
   +---+---+---+---+---+---+---+---+---+---+
 8 |   |   |   |   |   |   |   |   |   |   |
   +---+---+---+---+---+---+---+---+---+---+
 9 |   |   |   |   |   |   |   |   |   |   |
   +---+---+---+---+---+---+---+---+---+---+
10 |   |   |   |   |   |   |   |   |   |   |
   +---+---+---+---+---+---+---+---+---+---+
Score light: 11        Score dark:  7 
Move played: d2
<move>      a   b   c   d   e   f   g   h   i   j
   +---+---+---+---+---+---+---+---+---+---+
 1 |   |   |   |   |   |   |   |   |   |   |
   +---+---+---+---+---+---+---+---+---+---+
 2 |   |   |   | L |   |   |   |   |   |   |
   +---+---+---+---+---+---+---+---+---+---+
 3 |   |   | D | D | D | D |   |   |   |   |
   +---+---+---+---+---+---+---+---+---+---+
 4 |   |   |   | D | L | L | L |   |   |   |
   +---+---+---+---+---+---+---+---+---+---+
 5 |   |   |   |   | D | D | L |   |   |   |
   +---+---+---+---+---+---+---+---+---+---+
 6 |   |   |   | D | L | D | D |   |   |   |
   +---+---+---+---+---+---+---+---+---+---+
 7 |   |   | D |   | L | D |   |   |   |   |
   +---+---+---+---+---+---+---+---+---+---+
 8 |   |   |   |   |   |   |   |   |   |   |
   +---+---+---+---+---+---+---+---+---+---+
 9 |   |   |   |   |   |   |   |   |   |   |
   +---+---+---+---+---+---+---+---+---+---+
10 |   |   |   |   |   |   |   |   |   |   |
   +---+---+---+---+---+---+---+---+---+---+
Score light:  7        Score dark: 12 
Move played: c3
     a   b   c   d   e   f   g   h   i   j
   +---+---+---+---+---+---+---+---+---+---+
 1 |   |   |   |   |   |   |   |   |   |   |
   +---+---+---+---+---+---+---+---+---+---+
 2 |   |   |   | L |   |   |   |   |   |   |
   +---+---+---+---+---+---+---+---+---+---+
 3 |   |   | D | L | D | D |   |   |   |   |
   +---+---+---+---+---+---+---+---+---+---+
 4 |   |   |   | L | L | L | L |   |   |   |
   +---+---+---+---+---+---+---+---+---+---+
 5 |   |   |   | L | L | L | L |   |   |   |
   +---+---+---+---+---+---+---+---+---+---+
 6 |   |   |   | D | L | D | D |   |   |   |
   +---+---+---+---+---+---+---+---+---+---+
 7 |   |   | D |   | L | D |   |   |   |   |
   +---+---+---+---+---+---+---+---+---+---+
 8 |   |   |   |   |   |   |   |   |   |   |
   +---+---+---+---+---+---+---+---+---+---+
 9 |   |   |   |   |   |   |   |   |   |   |
   +---+---+---+---+---+---+---+---+---+---+
10 |   |   |   |   |   |   |   |   |   |   |
   +---+---+---+---+---+---+---+---+---+---+
Score light: 12        Score dark:  8 
Move played: d5
<move>      a   b   c   d   e   f   g   h   i   j
   +---+---+---+---+---+---+---+---+---+---+
 1 |   |   |   | D |   |   |   |   |   |   |
   +---+---+---+---+---+---+---+---+---+---+
 2 |   |   |   | D |   |   |   |   |   |   |
   +---+---+---+---+---+---+---+---+---+---+
 3 |   |   | D | D | D | D |   |   |   |   |
   +---+---+---+---+---+---+---+---+---+---+
 4 |   |   |   | D | L | L | L |   |   |   |
   +---+---+---+---+---+---+---+---+---+---+
 5 |   |   |   | D | L | L | L |   |   |   |
   +---+---+---+---+---+---+---+---+---+---+
 6 |   |   |   | D | L | D | D |   |   |   |
   +---+---+---+---+---+---+---+---+---+---+
 7 |   |   | D |   | L | D |   |   |   |   |
   +---+---+---+---+---+---+---+---+---+---+
 8 |   |   |   |   |   |   |   |   |   |   |
   +---+---+---+---+---+---+---+---+---+---+
 9 |   |   |   |   |   |   |   |   |   |   |
   +---+---+---+---+---+---+---+---+---+---+
10 |   |   |   |   |   |   |   |   |   |   |
   +---+---+---+---+---+---+---+---+---+---+
Score light:  8        Score dark: 13 
Move played: d1
     a   b   c   d   e   f   g   h   i   j
   +---+---+---+---+---+---+---+---+---+---+
 1 |   |   | L | D |   |   |   |   |   |   |
   +---+---+---+---+---+---+---+---+---+---+
 2 |   |   |   | L |   |   |   |   |   |   |
   +---+---+---+---+---+---+---+---+---+---+
 3 |   |   | D | D | L | D |   |   |   |   |
   +---+---+---+---+---+---+---+---+---+---+
 4 |   |   |   | D | L | L | L |   |   |   |
   +---+---+---+---+---+---+---+---+---+---+
 5 |   |   |   | D | L | L | L |   |   |   |
   +---+---+---+---+---+---+---+---+---+---+
 6 |   |   |   | D | L | D | D |   |   |   |
   +---+---+---+---+---+---+---+---+---+---+
 7 |   |   | D |   | L | D |   |   |   |   |
   +---+---+---+---+---+---+---+---+---+---+
 8 |   |   |   |   |   |   |   |   |   |   |
   +---+---+---+---+---+---+---+---+---+---+
 9 |   |   |   |   |   |   |   |   |   |   |
   +---+---+---+---+---+---+---+---+---+---+
10 |   |   |   |   |   |   |   |   |   |   |
   +---+---+---+---+---+---+---+---+---+---+
Score light: 11        Score dark: 11 
Move played: c1
<move>      a   b   c   d   e   f   g   h   i   j
   +---+---+---+---+---+---+---+---+---+---+
 1 |   |   | L | D |   |   |   |   |   |   |
   +---+---+---+---+---+---+---+---+---+---+
 2 |   |   |   | L |   |   |   |   |   |   |
   +---+---+---+---+---+---+---+---+---+---+
 3 |   |   | D | D | L | D | D |   |   |   |
   +---+---+---+---+---+---+---+---+---+---+
 4 |   |   |   | D | L | D | D |   |   |   |
   +---+---+---+---+---+---+---+---+---+---+
 5 |   |   |   | D | D | L | D |   |   |   |
   +---+---+---+---+---+---+---+---+---+---+
 6 |   |   |   | D | L | D | D |   |   |   |
   +---+---+---+---+---+---+---+---+---+---+
 7 |   |   | D |   | L | D |   |   |   |   |
   +---+---+---+---+---+---+---+---+---+---+
 8 |   |   |   |   |   |   |   |   |   |   |
   +---+---+---+---+---+---+---+---+---+---+
 9 |   |   |   |   |   |   |   |   |   |   |
   +---+---+---+---+---+---+---+---+---+---+
10 |   |   |   |   |   |   |   |   |   |   |
   +---+---+---+---+---+---+---+---+---+---+
Score light:  7        Score dark: 16 
Move played: g3
     a   b   c   d   e   f   g   h   i   j
   +---+---+---+---+---+---+---+---+---+---+
 1 |   |   | L | D |   |   |   |   |   |   |
   +---+---+---+---+---+---+---+---+---+---+
 2 |   |   |   | L |   |   |   |   |   |   |
   +---+---+---+---+---+---+---+---+---+---+
 3 |   |   | D | D | L | D | D |   |   |   |
   +---+---+---+---+---+---+---+---+---+---+
 4 |   |   |   | D | L | L | D |   |   |   |
   +---+---+---+---+---+---+---+---+---+---+
 5 |   |   |   | D | D | L | L |   |   |   |
   +---+---+---+---+---+---+---+---+---+---+
 6 |   |   |   | D | L | L | L | L |   |   |
   +---+---+---+---+---+---+---+---+---+---+
 7 |   |   | D |   | L | D |   |   |   |   |
   +---+---+---+---+---+---+---+---+---+---+
 8 |   |   |   |   |   |   |   |   |   |   |
   +---+---+---+---+---+---+---+---+---+---+
 9 |   |   |   |   |   |   |   |   |   |   |
   +---+---+---+---+---+---+---+---+---+---+
10 |   |   |   |   |   |   |   |   |   |   |
   +---+---+---+---+---+---+---+---+---+---+
Score light: 12        Score dark: 12 
Move played: h6
<move>      a   b   c   d   e   f   g   h   i   j
   +---+---+---+---+---+---+---+---+---+---+
 1 |   |   | L | D |   |   |   |   |   |   |
   +---+---+---+---+---+---+---+---+---+---+
 2 |   |   |   | L |   |   |   |   |   |   |
   +---+---+---+---+---+---+---+---+---+---+
 3 |   |   | D | D | L | D | D |   |   |   |
   +---+---+---+---+---+---+---+---+---+---+
 4 |   |   |   | D | L | L | D |   |   |   |
   +---+---+---+---+---+---+---+---+---+---+
 5 |   |   |   | D | D | L | L |   |   |   |
   +---+---+---+---+---+---+---+---+---+---+
 6 |   |   |   | D | D | D | D | D | D |   |
   +---+---+---+---+---+---+---+---+---+---+
 7 |   |   | D |   | L | D |   |   |   |   |
   +---+---+---+---+---+---+---+---+---+---+
 8 |   |   |   |   |   |   |   |   |   |   |
   +---+---+---+---+---+---+---+---+---+---+
 9 |   |   |   |   |   |   |   |   |   |   |
   +---+---+---+---+---+---+---+---+---+---+
10 |   |   |   |   |   |   |   |   |   |   |
   +---+---+---+---+---+---+---+---+---+---+
Score light:  8        Score dark: 17 
Move played: i6
     a   b   c   d   e   f   g   h   i   j
   +---+---+---+---+---+---+---+---+---+---+
 1 |   |   | L | D |   |   |   |   |   |   |
   +---+---+---+---+---+---+---+---+---+---+
 2 |   |   |   | L |   |   |   |   |   |   |
   +---+---+---+---+---+---+---+---+---+---+
 3 |   |   | D | D | L | D | D |   |   |   |
   +---+---+---+---+---+---+---+---+---+---+
 4 |   |   |   | L | L | L | D |   |   |   |
   +---+---+---+---+---+---+---+---+---+---+
 5 |   |   | L | L | L | L | L |   |   |   |
   +---+---+---+---+---+---+---+---+---+---+
 6 |   |   |   | L | D | D | D | D | D |   |
   +---+---+---+---+---+---+---+---+---+---+
 7 |   |   | D |   | L | D |   |   |   |   |
   +---+---+---+---+---+---+---+---+---+---+
 8 |   |   |   |   |   |   |   |   |   |   |
   +---+---+---+---+---+---+---+---+---+---+
 9 |   |   |   |   |   |   |   |   |   |   |
   +---+---+---+---+---+---+---+---+---+---+
10 |   |   |   |   |   |   |   |   |   |   |
   +---+---+---+---+---+---+---+---+---+---+
Score light: 13        Score dark: 13 
Move played: c5
<move>      a   b   c   d   e   f   g   h   i   j
   +---+---+---+---+---+---+---+---+---+---+
 1 |   |   | L | D |   |   |   |   |   |   |
   +---+---+---+---+---+---+---+---+---+---+
 2 |   |   |   | L |   |   |   |   |   |   |
   +---+---+---+---+---+---+---+---+---+---+
 3 |   |   | D | D | L | D | D |   |   |   |
   +---+---+---+---+---+---+---+---+---+---+
 4 |   |   |   | L | D | L | D |   |   |   |
   +---+---+---+---+---+---+---+---+---+---+
 5 |   |   | L | D | L | L | L |   |   |   |
   +---+---+---+---+---+---+---+---+---+---+
 6 |   |   | D | D | D | D | D | D | D |   |
   +---+---+---+---+---+---+---+---+---+---+
 7 |   |   | D |   | L | D |   |   |   |   |
   +---+---+---+---+---+---+---+---+---+---+
 8 |   |   |   |   |   |   |   |   |   |   |
   +---+---+---+---+---+---+---+---+---+---+
 9 |   |   |   |   |   |   |   |   |   |   |
   +---+---+---+---+---+---+---+---+---+---+
10 |   |   |   |   |   |   |   |   |   |   |
   +---+---+---+---+---+---+---+---+---+---+
Score light: 10        Score dark: 17 
Move played: c6
     a   b   c   d   e   f   g   h   i   j
   +---+---+---+---+---+---+---+---+---+---+
 1 |   |   | L | D |   |   |   |   |   |   |
   +---+---+---+---+---+---+---+---+---+---+
 2 |   |   |   | L |   |   |   |   |   |   |
   +---+---+---+---+---+---+---+---+---+---+
 3 |   |   | D | D | L | D | D |   |   |   |
   +---+---+---+---+---+---+---+---+---+---+
 4 |   |   |   | L | D | L | D |   |   |   |
   +---+---+---+---+---+---+---+---+---+---+
 5 |   |   | L | L | L | L | L |   |   |   |
   +---+---+---+---+---+---+---+---+---+---+
 6 |   |   | D | L | L | D | D | D | D |   |
   +---+---+---+---+---+---+---+---+---+---+
 7 |   |   | D | L | L | D |   |   |   |   |
   +---+---+---+---+---+---+---+---+---+---+
 8 |   |   |   |   |   |   |   |   |   |   |
   +---+---+---+---+---+---+---+---+---+---+
 9 |   |   |   |   |   |   |   |   |   |   |
   +---+---+---+---+---+---+---+---+---+---+
10 |   |   |   |   |   |   |   |   |   |   |
   +---+---+---+---+---+---+---+---+---+---+
Score light: 14        Score dark: 14 
Move played: d7
<move>      a   b   c   d   e   f   g   h   i   j
   +---+---+---+---+---+---+---+---+---+---+
 1 |   |   | L | D |   |   |   |   |   |   |
   +---+---+---+---+---+---+---+---+---+---+
 2 |   |   |   | L |   |   |   |   |   |   |
   +---+---+---+---+---+---+---+---+---+---+
 3 |   |   | D | D | L | D | D |   |   |   |
   +---+---+---+---+---+---+---+---+---+---+
 4 |   |   |   | D | D | L | D |   |   |   |
   +---+---+---+---+---+---+---+---+---+---+
 5 |   |   | L | D | L | L | L |   |   |   |
   +---+---+---+---+---+---+---+---+---+---+
 6 |   |   | D | D | L | D | D | D | D |   |
   +---+---+---+---+---+---+---+---+---+---+
 7 |   |   | D | D | D | D |   |   |   |   |
   +---+---+---+---+---+---+---+---+---+---+
 8 |   |   |   | D |   |   |   |   |   |   |
   +---+---+---+---+---+---+---+---+---+---+
 9 |   |   |   |   |   |   |   |   |   |   |
   +---+---+---+---+---+---+---+---+---+---+
10 |   |   |   |   |   |   |   |   |   |   |
   +---+---+---+---+---+---+---+---+---+---+
Score light:  9        Score dark: 20 
Move played: d8
     a   b   c   d   e   f   g   h   i   j
   +---+---+---+---+---+---+---+---+---+---+
 1 |   |   | L | D |   |   |   |   |   |   |
   +---+---+---+---+---+---+---+---+---+---+
 2 |   |   |   | L |   |   |   |   |   |   |
   +---+---+---+---+---+---+---+---+---+---+
 3 |   |   | D | D | L | D | D |   |   |   |
   +---+---+---+---+---+---+---+---+---+---+
 4 |   |   |   | D | D | L | D |   |   |   |
   +---+---+---+---+---+---+---+---+---+---+
 5 |   |   | L | D | L | L | L |   |   |   |
   +---+---+---+---+---+---+---+---+---+---+
 6 |   |   | D | D | L | L | L | L | L | L |
   +---+---+---+---+---+---+---+---+---+---+
 7 |   |   | D | D | D | D |   |   |   |   |
   +---+---+---+---+---+---+---+---+---+---+
 8 |   |   |   | D |   |   |   |   |   |   |
   +---+---+---+---+---+---+---+---+---+---+
 9 |   |   |   |   |   |   |   |   |   |   |
   +---+---+---+---+---+---+---+---+---+---+
10 |   |   |   |   |   |   |   |   |   |   |
   +---+---+---+---+---+---+---+---+---+---+
Score light: 14        Score dark: 16 
Move played: j6
<move>      a   b   c   d   e   f   g   h   i   j
   +---+---+---+---+---+---+---+---+---+---+
 1 |   |   | L | D |   |   |   |   |   |   |
   +---+---+---+---+---+---+---+---+---+---+
 2 |   |   |   | L |   |   |   |   |   |   |
   +---+---+---+---+---+---+---+---+---+---+
 3 |   |   | D | D | L | D | D |   |   |   |
   +---+---+---+---+---+---+---+---+---+---+
 4 |   |   |   | D | D | L | D |   |   |   |
   +---+---+---+---+---+---+---+---+---+---+
 5 |   |   | L | D | D | L | D |   |   |   |
   +---+---+---+---+---+---+---+---+---+---+
 6 |   |   | D | D | L | D | D | L | L | L |
   +---+---+---+---+---+---+---+---+---+---+
 7 |   |   | D | D | D | D | D |   |   |   |
   +---+---+---+---+---+---+---+---+---+---+
 8 |   |   |   | D |   |   |   |   |   |   |
   +---+---+---+---+---+---+---+---+---+---+
 9 |   |   |   |   |   |   |   |   |   |   |
   +---+---+---+---+---+---+---+---+---+---+
10 |   |   |   |   |   |   |   |   |   |   |
   +---+---+---+---+---+---+---+---+---+---+
Score light: 10        Score dark: 21 
Move played: g7
     a   b   c   d   e   f   g   h   i   j
   +---+---+---+---+---+---+---+---+---+---+
 1 |   |   | L | L | L |   |   |   |   |   |
   +---+---+---+---+---+---+---+---+---+---+
 2 |   |   |   | L |   |   |   |   |   |   |
   +---+---+---+---+---+---+---+---+---+---+
 3 |   |   | D | D | L | D | D |   |   |   |
   +---+---+---+---+---+---+---+---+---+---+
 4 |   |   |   | D | D | L | D |   |   |   |
   +---+---+---+---+---+---+---+---+---+---+
 5 |   |   | L | D | D | L | D |   |   |   |
   +---+---+---+---+---+---+---+---+---+---+
 6 |   |   | D | D | L | D | D | L | L | L |
   +---+---+---+---+---+---+---+---+---+---+
 7 |   |   | D | D | D | D | D |   |   |   |
   +---+---+---+---+---+---+---+---+---+---+
 8 |   |   |   | D |   |   |   |   |   |   |
   +---+---+---+---+---+---+---+---+---+---+
 9 |   |   |   |   |   |   |   |   |   |   |
   +---+---+---+---+---+---+---+---+---+---+
10 |   |   |   |   |   |   |   |   |   |   |
   +---+---+---+---+---+---+---+---+---+---+
Score light: 12        Score dark: 20 
Move played: e1
<move>      a   b   c   d   e   f   g   h   i   j
   +---+---+---+---+---+---+---+---+---+---+
 1 |   |   | L | L | L |   |   |   |   |   |
   +---+---+---+---+---+---+---+---+---+---+
 2 |   |   |   | L | D |   |   |   |   |   |
   +---+---+---+---+---+---+---+---+---+---+
 3 |   |   | D | D | D | D | D |   |   |   |
   +---+---+---+---+---+---+---+---+---+---+
 4 |   |   |   | D | D | L | D |   |   |   |
   +---+---+---+---+---+---+---+---+---+---+
 5 |   |   | L | D | D | L | D |   |   |   |
   +---+---+---+---+---+---+---+---+---+---+
 6 |   |   | D | D | L | D | D | L | L | L |
   +---+---+---+---+---+---+---+---+---+---+
 7 |   |   | D | D | D | D | D |   |   |   |
   +---+---+---+---+---+---+---+---+---+---+
 8 |   |   |   | D |   |   |   |   |   |   |
   +---+---+---+---+---+---+---+---+---+---+
 9 |   |   |   |   |   |   |   |   |   |   |
   +---+---+---+---+---+---+---+---+---+---+
10 |   |   |   |   |   |   |   |   |   |   |
   +---+---+---+---+---+---+---+---+---+---+
Score light: 11        Score dark: 22 
Move played: e2
     a   b   c   d   e   f   g   h   i   j
   +---+---+---+---+---+---+---+---+---+---+
 1 |   |   | L | L | L |   |   |   |   |   |
   +---+---+---+---+---+---+---+---+---+---+
 2 |   |   |   | L | D |   |   |   |   |   |
   +---+---+---+---+---+---+---+---+---+---+
 3 |   |   | D | L | D | D | D |   |   |   |
   +---+---+---+---+---+---+---+---+---+---+
 4 |   |   |   | L | D | L | D |   |   |   |
   +---+---+---+---+---+---+---+---+---+---+
 5 |   |   | L | L | D | L | D |   |   |   |
   +---+---+---+---+---+---+---+---+---+---+
 6 |   |   | D | L | L | D | D | L | L | L |
   +---+---+---+---+---+---+---+---+---+---+
 7 |   |   | D | L | D | D | D |   |   |   |
   +---+---+---+---+---+---+---+---+---+---+
 8 |   |   |   | L |   |   |   |   |   |   |
   +---+---+---+---+---+---+---+---+---+---+
 9 |   |   |   | L |   |   |   |   |   |   |
   +---+---+---+---+---+---+---+---+---+---+
10 |   |   |   |   |   |   |   |   |   |   |
   +---+---+---+---+---+---+---+---+---+---+
Score light: 18        Score dark: 16 
Move played: d9
<move>      a   b   c   d   e   f   g   h   i   j
   +---+---+---+---+---+---+---+---+---+---+
 1 |   |   | L | L | L |   |   |   |   |   |
   +---+---+---+---+---+---+---+---+---+---+
 2 |   |   | D | D | D |   |   |   |   |   |
   +---+---+---+---+---+---+---+---+---+---+
 3 |   |   | D | D | D | D | D |   |   |   |
   +---+---+---+---+---+---+---+---+---+---+
 4 |   |   |   | L | D | L | D |   |   |   |
   +---+---+---+---+---+---+---+---+---+---+
 5 |   |   | L | L | D | L | D |   |   |   |
   +---+---+---+---+---+---+---+---+---+---+
 6 |   |   | D | L | L | D | D | L | L | L |
   +---+---+---+---+---+---+---+---+---+---+
 7 |   |   | D | L | D | D | D |   |   |   |
   +---+---+---+---+---+---+---+---+---+---+
 8 |   |   |   | L |   |   |   |   |   |   |
   +---+---+---+---+---+---+---+---+---+---+
 9 |   |   |   | L |   |   |   |   |   |   |
   +---+---+---+---+---+---+---+---+---+---+
10 |   |   |   |   |   |   |   |   |   |   |
   +---+---+---+---+---+---+---+---+---+---+
Score light: 16        Score dark: 19 
Move played: c2
     a   b   c   d   e   f   g   h   i   j
   +---+---+---+---+---+---+---+---+---+---+
 1 |   |   | L | L | L |   |   |   |   |   |
   +---+---+---+---+---+---+---+---+---+---+
 2 |   |   | D | D | D |   |   |   |   |   |
   +---+---+---+---+---+---+---+---+---+---+
 3 |   |   | D | D | D | D | D |   |   |   |
   +---+---+---+---+---+---+---+---+---+---+
 4 |   |   |   | L | D | L | L | L |   |   |
   +---+---+---+---+---+---+---+---+---+---+
 5 |   |   | L | L | D | L | L |   |   |   |
   +---+---+---+---+---+---+---+---+---+---+
 6 |   |   | D | L | L | L | D | L | L | L |
   +---+---+---+---+---+---+---+---+---+---+
 7 |   |   | D | L | L | D | D |   |   |   |
   +---+---+---+---+---+---+---+---+---+---+
 8 |   |   |   | L |   |   |   |   |   |   |
   +---+---+---+---+---+---+---+---+---+---+
 9 |   |   |   | L |   |   |   |   |   |   |
   +---+---+---+---+---+---+---+---+---+---+
10 |   |   |   |   |   |   |   |   |   |   |
   +---+---+---+---+---+---+---+---+---+---+
Score light: 21        Score dark: 15 
Move played: h4
<move>      a   b   c   d   e   f   g   h   i   j
   +---+---+---+---+---+---+---+---+---+---+
 1 |   |   | L | L | L |   |   |   |   |   |
   +---+---+---+---+---+---+---+---+---+---+
 2 |   |   | D | D | D |   |   |   |   |   |
   +---+---+---+---+---+---+---+---+---+---+
 3 |   |   | D | D | D | D | D |   |   |   |
   +---+---+---+---+---+---+---+---+---+---+
 4 |   |   |   | L | D | L | D | L |   |   |
   +---+---+---+---+---+---+---+---+---+---+
 5 |   |   | L | L | D | D | D | D |   |   |
   +---+---+---+---+---+---+---+---+---+---+
 6 |   |   | D | L | L | L | D | L | L | L |
   +---+---+---+---+---+---+---+---+---+---+
 7 |   |   | D | L | L | D | D |   |   |   |
   +---+---+---+---+---+---+---+---+---+---+
 8 |   |   |   | L |   |   |   |   |   |   |
   +---+---+---+---+---+---+---+---+---+---+
 9 |   |   |   | L |   |   |   |   |   |   |
   +---+---+---+---+---+---+---+---+---+---+
10 |   |   |   |   |   |   |   |   |   |   |
   +---+---+---+---+---+---+---+---+---+---+
Score light: 18        Score dark: 19 
Move played: h5
     a   b   c   d   e   f   g   h   i   j
   +---+---+---+---+---+---+---+---+---+---+
 1 |   |   | L | L | L |   |   |   |   |   |
   +---+---+---+---+---+---+---+---+---+---+
 2 |   |   | D | D | D | L |   |   |   |   |
   +---+---+---+---+---+---+---+---+---+---+
 3 |   |   | D | D | L | L | L |   |   |   |
   +---+---+---+---+---+---+---+---+---+---+
 4 |   |   |   | L | D | L | D | L |   |   |
   +---+---+---+---+---+---+---+---+---+---+
 5 |   |   | L | L | D | D | D | D |   |   |
   +---+---+---+---+---+---+---+---+---+---+
 6 |   |   | D | L | L | L | D | L | L | L |
   +---+---+---+---+---+---+---+---+---+---+
 7 |   |   | D | L | L | D | D |   |   |   |
   +---+---+---+---+---+---+---+---+---+---+
 8 |   |   |   | L |   |   |   |   |   |   |
   +---+---+---+---+---+---+---+---+---+---+
 9 |   |   |   | L |   |   |   |   |   |   |
   +---+---+---+---+---+---+---+---+---+---+
10 |   |   |   |   |   |   |   |   |   |   |
   +---+---+---+---+---+---+---+---+---+---+
Score light: 22        Score dark: 16 
Move played: f2
<move>      a   b   c   d   e   f   g   h   i   j
   +---+---+---+---+---+---+---+---+---+---+
 1 |   |   | L | L | L |   |   |   |   |   |
   +---+---+---+---+---+---+---+---+---+---+
 2 |   |   | D | D | D | D | D |   |   |   |
   +---+---+---+---+---+---+---+---+---+---+
 3 |   |   | D | D | L | D | D |   |   |   |
   +---+---+---+---+---+---+---+---+---+---+
 4 |   |   |   | L | D | L | D | L |   |   |
   +---+---+---+---+---+---+---+---+---+---+
 5 |   |   | L | L | D | D | D | D |   |   |
   +---+---+---+---+---+---+---+---+---+---+
 6 |   |   | D | L | L | L | D | L | L | L |
   +---+---+---+---+---+---+---+---+---+---+
 7 |   |   | D | L | L | D | D |   |   |   |
   +---+---+---+---+---+---+---+---+---+---+
 8 |   |   |   | L |   |   |   |   |   |   |
   +---+---+---+---+---+---+---+---+---+---+
 9 |   |   |   | L |   |   |   |   |   |   |
   +---+---+---+---+---+---+---+---+---+---+
10 |   |   |   |   |   |   |   |   |   |   |
   +---+---+---+---+---+---+---+---+---+---+
Score light: 19        Score dark: 20 
Move played: g2
     a   b   c   d   e   f   g   h   i   j
   +---+---+---+---+---+---+---+---+---+---+
 1 |   |   | L | L | L |   |   | L |   |   |
   +---+---+---+---+---+---+---+---+---+---+
 2 |   |   | D | D | D | D | L |   |   |   |
   +---+---+---+---+---+---+---+---+---+---+
 3 |   |   | D | D | L | L | D |   |   |   |
   +---+---+---+---+---+---+---+---+---+---+
 4 |   |   |   | L | L | L | D | L |   |   |
   +---+---+---+---+---+---+---+---+---+---+
 5 |   |   | L | L | D | D | D | D |   |   |
   +---+---+---+---+---+---+---+---+---+---+
 6 |   |   | D | L | L | L | D | L | L | L |
   +---+---+---+---+---+---+---+---+---+---+
 7 |   |   | D | L | L | D | D |   |   |   |
   +---+---+---+---+---+---+---+---+---+---+
 8 |   |   |   | L |   |   |   |   |   |   |
   +---+---+---+---+---+---+---+---+---+---+
 9 |   |   |   | L |   |   |   |   |   |   |
   +---+---+---+---+---+---+---+---+---+---+
10 |   |   |   |   |   |   |   |   |   |   |
   +---+---+---+---+---+---+---+---+---+---+
Score light: 23        Score dark: 17 
Move played: h1
